<?xml version="1.0" encoding="UTF-8"?>
<!-- Generated by org.testng.reporters.JUnitXMLReporter -->
<testsuite hostname="DESKTOP-987SG1D" ignored="0" name="Test1" tests="1" failures="1" timestamp="2019-09-30T17:05:19 IST" time="13.985" errors="0">
  <testcase name="run" time="13.876" classname="crossBrowser.Cross">
    <failure type="org.openqa.selenium.SessionNotCreatedException" message="session not created: This version of ChromeDriver only supports Chrome version 75
Build info: version: &amp;apos;3.141.59&amp;apos;, revision: &amp;apos;e82be7d358&amp;apos;, time: &amp;apos;2018-11-14T08:25:53&amp;apos;
System info: host: &amp;apos;DESKTOP-987SG1D&amp;apos;, ip: &amp;apos;192.168.86.1&amp;apos;, os.name: &amp;apos;Windows 10&amp;apos;, os.arch: &amp;apos;amd64&amp;apos;, os.version: &amp;apos;10.0&amp;apos;, java.version: &amp;apos;1.8.0_191&amp;apos;
Driver info: driver.version: ChromeDriver
remote stacktrace: Backtrace:
	Ordinal0 [0x01401B43+1448771]
	Ordinal0 [0x01385A31+940593]
	Ordinal0 [0x01312293+467603]
	Ordinal0 [0x012AF27E+62078]
	Ordinal0 [0x012ABBBD+48061]
	Ordinal0 [0x012C8D09+167177]
	Ordinal0 [0x012C88DD+166109]
	Ordinal0 [0x012C6FEB+159723]
	Ordinal0 [0x012B09F6+68086]
	Ordinal0 [0x012B1990+72080]
	Ordinal0 [0x012B1929+71977]
	GetHandleVerifier [0x01542E8C+1172172]
	GetHandleVerifier [0x0149FE55+504469]
	GetHandleVerifier [0x0149FBF0+503856]
	Ordinal0 [0x0140C9C8+1493448]
	GetHandleVerifier [0x014A062A+506474]
	Ordinal0 [0x01397156+1012054]
	Ordinal0 [0x01396FCF+1011663]
	Ordinal0 [0x013A135B+1053531]
	Ordinal0 [0x013A14C3+1053891]
	Ordinal0 [0x013A04F5+1049845]
	BaseThreadInitThunk [0x749F62C4+36]
	RtlSubscribeWnfStateChangeNotification [0x77851E39+1081]
	RtlSubscribeWnfStateChangeNotification [0x77851E04+1028]
">
      <![CDATA[org.openqa.selenium.SessionNotCreatedException: session not created: This version of ChromeDriver only supports Chrome version 75
Build info: version: '3.141.59', revision: 'e82be7d358', time: '2018-11-14T08:25:53'
System info: host: 'DESKTOP-987SG1D', ip: '192.168.86.1', os.name: 'Windows 10', os.arch: 'amd64', os.version: '10.0', java.version: '1.8.0_191'
Driver info: driver.version: ChromeDriver
remote stacktrace: Backtrace:
Ordinal0 [0x01401B43+1448771]
Ordinal0 [0x01385A31+940593]
Ordinal0 [0x01312293+467603]
Ordinal0 [0x012AF27E+62078]
Ordinal0 [0x012ABBBD+48061]
Ordinal0 [0x012C8D09+167177]
Ordinal0 [0x012C88DD+166109]
Ordinal0 [0x012C6FEB+159723]
Ordinal0 [0x012B09F6+68086]
Ordinal0 [0x012B1990+72080]
Ordinal0 [0x012B1929+71977]
GetHandleVerifier [0x01542E8C+1172172]
GetHandleVerifier [0x0149FE55+504469]
GetHandleVerifier [0x0149FBF0+503856]
Ordinal0 [0x0140C9C8+1493448]
GetHandleVerifier [0x014A062A+506474]
Ordinal0 [0x01397156+1012054]
Ordinal0 [0x01396FCF+1011663]
Ordinal0 [0x013A135B+1053531]
Ordinal0 [0x013A14C3+1053891]
Ordinal0 [0x013A04F5+1049845]
BaseThreadInitThunk [0x749F62C4+36]
RtlSubscribeWnfStateChangeNotification [0x77851E39+1081]
RtlSubscribeWnfStateChangeNotification [0x77851E04+1028]

at org.openqa.selenium.remote.W3CHandshakeResponse.lambda$errorHandler$0(W3CHandshakeResponse.java:62)
at org.openqa.selenium.remote.HandshakeResponse.lambda$getResponseFunction$0(HandshakeResponse.java:30)
at org.openqa.selenium.remote.ProtocolHandshake.lambda$createSession$0(ProtocolHandshake.java:126)
at java.util.stream.ReferencePipeline$3$1.accept(Unknown Source)
at java.util.Spliterators$ArraySpliterator.tryAdvance(Unknown Source)
at java.util.stream.ReferencePipeline.forEachWithCancel(Unknown Source)
at java.util.stream.AbstractPipeline.copyIntoWithCancel(Unknown Source)
at java.util.stream.AbstractPipeline.copyInto(Unknown Source)
at java.util.stream.AbstractPipeline.wrapAndCopyInto(Unknown Source)
at java.util.stream.FindOps$FindOp.evaluateSequential(Unknown Source)
at java.util.stream.AbstractPipeline.evaluate(Unknown Source)
at java.util.stream.ReferencePipeline.findFirst(Unknown Source)
at org.openqa.selenium.remote.ProtocolHandshake.createSession(ProtocolHandshake.java:128)
at org.openqa.selenium.remote.ProtocolHandshake.createSession(ProtocolHandshake.java:74)
at org.openqa.selenium.remote.HttpCommandExecutor.execute(HttpCommandExecutor.java:136)
at org.openqa.selenium.remote.service.DriverCommandExecutor.execute(DriverCommandExecutor.java:83)
at org.openqa.selenium.remote.RemoteWebDriver.execute(RemoteWebDriver.java:552)
at org.openqa.selenium.remote.RemoteWebDriver.startSession(RemoteWebDriver.java:213)
at org.openqa.selenium.remote.RemoteWebDriver.<init>(RemoteWebDriver.java:131)
at org.openqa.selenium.chrome.ChromeDriver.<init>(ChromeDriver.java:181)
at org.openqa.selenium.chrome.ChromeDriver.<init>(ChromeDriver.java:168)
at org.openqa.selenium.chrome.ChromeDriver.<init>(ChromeDriver.java:123)
at crossBrowser.Cross.run(Cross.java:21)
at java.util.ArrayList.forEach(Unknown Source)
at java.util.concurrent.FutureTask.run(Unknown Source)
at java.util.concurrent.ThreadPoolExecutor.runWorker(Unknown Source)
at java.util.concurrent.ThreadPoolExecutor$Worker.run(Unknown Source)
at java.lang.Thread.run(Unknown Source)
... Removed 22 stack frames]]>
    </failure>
  </testcase> <!-- run -->
</testsuite> <!-- Test1 -->
